<?xml version="1.0" encoding="UTF-8"?>
<!-- Generated by org.testng.reporters.JUnitReportReporter -->
<testsuite skipped="0" hostname="GLSRCEDDEVPL126" name="tests.SignInValidation" tests="1" failures="0" timestamp="25 Jul 2019 14:10:42 GMT" time="62.344" errors="0">
  <testcase name="VerifySignInN" time="62.344" classname="tests.SignInValidation"/>
</testsuite> <!-- tests.SignInValidation -->
