<?xml version="1.0" encoding="UTF-8"?>
<!-- Generated by org.testng.reporters.JUnitReportReporter -->
<testsuite skipped="0" hostname="GLSRCEDDEVPL126" name="setup.DriverSetup" tests="1" failures="0" timestamp="22 Jul 2019 10:48:11 GMT" time="0.031" errors="0">
  <testcase name="add" time="0.031" classname="setup.DriverSetup"/>
</testsuite> <!-- setup.DriverSetup -->
