<?xml version="1.0" encoding="UTF-8"?>
<!-- Generated by org.testng.reporters.JUnitReportReporter -->
<testsuite skipped="0" hostname="GLSRCEDDEVPL126" name="tests.SearchResultValidation" tests="2" failures="0" timestamp="25 Jul 2019 12:55:57 GMT" time="85.672" errors="0">
  <testcase name="verifySearchvalid" time="57.351" classname="tests.SearchResultValidation"/>
  <testcase name="verifySearchInvalid" time="28.321" classname="tests.SearchResultValidation"/>
</testsuite> <!-- tests.SearchResultValidation -->
