<?xml version="1.0" encoding="UTF-8"?>
<!-- Generated by org.testng.reporters.JUnitReportReporter -->
<testsuite skipped="0" hostname="GLSRCEDDEVPL126" name="tests.HomePageValidation" tests="1" failures="0" timestamp="25 Jul 2019 12:55:57 GMT" time="1.186" errors="0">
  <testcase name="VerifyHomePage" time="1.186" classname="tests.HomePageValidation"/>
</testsuite> <!-- tests.HomePageValidation -->
